mode: atomic
github.com/republicprotocol/republic-go/stackint/asm/arith.go:58.42,61.22 3 22
github.com/republicprotocol/republic-go/stackint/asm/arith.go:64.2,64.8 1 22
github.com/republicprotocol/republic-go/stackint/asm/arith.go:61.22,63.3 1 10
github.com/republicprotocol/republic-go/stackint/asm/arith.go:68.42,71.22 3 22
github.com/republicprotocol/republic-go/stackint/asm/arith.go:74.2,74.8 1 22
github.com/republicprotocol/republic-go/stackint/asm/arith.go:71.22,73.3 1 10
github.com/republicprotocol/republic-go/stackint/asm/arith.go:79.39,92.2 12 1
github.com/republicprotocol/republic-go/stackint/asm/arith.go:95.46,97.28 2 48
github.com/republicprotocol/republic-go/stackint/asm/arith.go:100.2,100.8 1 48
github.com/republicprotocol/republic-go/stackint/asm/arith.go:97.28,99.3 1 1
github.com/republicprotocol/republic-go/stackint/asm/arith.go:105.23,107.2 1 0
github.com/republicprotocol/republic-go/stackint/asm/arith.go:111.42,112.13 1 0
github.com/republicprotocol/republic-go/stackint/asm/arith.go:116.2,128.41 11 0
github.com/republicprotocol/republic-go/stackint/asm/arith.go:136.2,140.41 4 0
github.com/republicprotocol/republic-go/stackint/asm/arith.go:148.2,148.50 1 0
github.com/republicprotocol/republic-go/stackint/asm/arith.go:112.13,114.3 1 0
github.com/republicprotocol/republic-go/stackint/asm/arith.go:128.41,131.18 3 0
github.com/republicprotocol/republic-go/stackint/asm/arith.go:131.18,132.9 1 0
github.com/republicprotocol/republic-go/stackint/asm/arith.go:140.41,143.18 3 0
github.com/republicprotocol/republic-go/stackint/asm/arith.go:143.18,144.9 1 0
github.com/republicprotocol/republic-go/stackint/asm/arith.go:156.39,157.17 1 18
github.com/republicprotocol/republic-go/stackint/asm/arith.go:164.2,164.32 1 18
github.com/republicprotocol/republic-go/stackint/asm/arith.go:171.2,171.8 1 18
github.com/republicprotocol/republic-go/stackint/asm/arith.go:157.17,158.20 1 0
github.com/republicprotocol/republic-go/stackint/asm/arith.go:161.3,161.9 1 0
github.com/republicprotocol/republic-go/stackint/asm/arith.go:158.20,160.4 1 0
github.com/republicprotocol/republic-go/stackint/asm/arith.go:164.32,170.3 4 34
github.com/republicprotocol/republic-go/stackint/asm/arith.go:175.39,176.17 1 18
github.com/republicprotocol/republic-go/stackint/asm/arith.go:183.2,183.32 1 18
github.com/republicprotocol/republic-go/stackint/asm/arith.go:190.2,190.8 1 18
github.com/republicprotocol/republic-go/stackint/asm/arith.go:176.17,177.20 1 0
github.com/republicprotocol/republic-go/stackint/asm/arith.go:180.3,180.9 1 0
github.com/republicprotocol/republic-go/stackint/asm/arith.go:177.20,179.4 1 0
github.com/republicprotocol/republic-go/stackint/asm/arith.go:183.32,189.3 4 34
github.com/republicprotocol/republic-go/stackint/asm/arith.go:194.44,195.17 1 8
github.com/republicprotocol/republic-go/stackint/asm/arith.go:203.2,204.32 2 8
github.com/republicprotocol/republic-go/stackint/asm/arith.go:209.2,209.8 1 8
github.com/republicprotocol/republic-go/stackint/asm/arith.go:195.17,197.20 2 0
github.com/republicprotocol/republic-go/stackint/asm/arith.go:200.3,200.9 1 0
github.com/republicprotocol/republic-go/stackint/asm/arith.go:197.20,199.4 1 0
github.com/republicprotocol/republic-go/stackint/asm/arith.go:204.32,208.3 3 9
github.com/republicprotocol/republic-go/stackint/asm/arith.go:212.44,213.17 1 8
github.com/republicprotocol/republic-go/stackint/asm/arith.go:221.2,222.32 2 8
github.com/republicprotocol/republic-go/stackint/asm/arith.go:227.2,227.8 1 8
github.com/republicprotocol/republic-go/stackint/asm/arith.go:213.17,215.20 2 0
github.com/republicprotocol/republic-go/stackint/asm/arith.go:218.3,218.9 1 0
github.com/republicprotocol/republic-go/stackint/asm/arith.go:215.20,217.4 1 0
github.com/republicprotocol/republic-go/stackint/asm/arith.go:222.32,226.3 3 9
github.com/republicprotocol/republic-go/stackint/asm/arith.go:230.44,231.24 1 10
github.com/republicprotocol/republic-go/stackint/asm/arith.go:242.2,242.8 1 10
github.com/republicprotocol/republic-go/stackint/asm/arith.go:231.24,235.30 4 9
github.com/republicprotocol/republic-go/stackint/asm/arith.go:240.3,240.17 1 9
github.com/republicprotocol/republic-go/stackint/asm/arith.go:235.30,239.4 3 6
github.com/republicprotocol/republic-go/stackint/asm/arith.go:245.44,246.24 1 10
github.com/republicprotocol/republic-go/stackint/asm/arith.go:257.2,257.8 1 10
github.com/republicprotocol/republic-go/stackint/asm/arith.go:246.24,250.28 4 9
github.com/republicprotocol/republic-go/stackint/asm/arith.go:255.3,255.19 1 9
github.com/republicprotocol/republic-go/stackint/asm/arith.go:250.28,254.4 3 6
github.com/republicprotocol/republic-go/stackint/asm/arith.go:260.51,262.19 2 23
github.com/republicprotocol/republic-go/stackint/asm/arith.go:265.2,265.8 1 23
github.com/republicprotocol/republic-go/stackint/asm/arith.go:262.19,264.3 1 46
github.com/republicprotocol/republic-go/stackint/asm/arith.go:269.48,270.19 1 0
github.com/republicprotocol/republic-go/stackint/asm/arith.go:275.2,275.8 1 0
github.com/republicprotocol/republic-go/stackint/asm/arith.go:270.19,274.3 3 0
github.com/republicprotocol/republic-go/stackint/asm/arith.go:278.61,280.35 2 15
github.com/republicprotocol/republic-go/stackint/asm/arith.go:283.2,283.8 1 15
github.com/republicprotocol/republic-go/stackint/asm/arith.go:280.35,282.3 1 33
