mode: atomic
github.com/republicprotocol/republic-go/stackint/int1024_double.go:18.55,22.51 3 12
github.com/republicprotocol/republic-go/stackint/int1024_double.go:29.2,33.31 2 12
github.com/republicprotocol/republic-go/stackint/int1024_double.go:41.2,46.3 4 11
github.com/republicprotocol/republic-go/stackint/int1024_double.go:22.51,23.19 1 13
github.com/republicprotocol/republic-go/stackint/int1024_double.go:23.19,25.9 2 12
github.com/republicprotocol/republic-go/stackint/int1024_double.go:33.31,40.3 4 1
github.com/republicprotocol/republic-go/stackint/int1024_double.go:52.66,58.11 4 11
github.com/republicprotocol/republic-go/stackint/int1024_double.go:61.2,70.15 7 9
github.com/republicprotocol/republic-go/stackint/int1024_double.go:77.2,80.34 3 9
github.com/republicprotocol/republic-go/stackint/int1024_double.go:129.2,136.64 5 9
github.com/republicprotocol/republic-go/stackint/int1024_double.go:142.2,142.60 1 9
github.com/republicprotocol/republic-go/stackint/int1024_double.go:58.11,59.37 1 2
github.com/republicprotocol/republic-go/stackint/int1024_double.go:70.15,76.3 3 3
github.com/republicprotocol/republic-go/stackint/int1024_double.go:80.34,84.32 3 161
github.com/republicprotocol/republic-go/stackint/int1024_double.go:107.3,109.25 3 161
github.com/republicprotocol/republic-go/stackint/int1024_double.go:112.3,117.13 3 161
github.com/republicprotocol/republic-go/stackint/int1024_double.go:124.3,125.35 2 161
github.com/republicprotocol/republic-go/stackint/int1024_double.go:84.32,92.40 6 116
github.com/republicprotocol/republic-go/stackint/int1024_double.go:92.40,97.24 4 0
github.com/republicprotocol/republic-go/stackint/int1024_double.go:100.5,100.34 1 0
github.com/republicprotocol/republic-go/stackint/int1024_double.go:97.24,98.11 1 0
github.com/republicprotocol/republic-go/stackint/int1024_double.go:109.25,111.4 1 1446
github.com/republicprotocol/republic-go/stackint/int1024_double.go:117.13,123.4 3 4
github.com/republicprotocol/republic-go/stackint/int1024_double.go:125.35,127.4 1 9
github.com/republicprotocol/republic-go/stackint/int1024_double.go:136.64,137.21 1 288
github.com/republicprotocol/republic-go/stackint/int1024_double.go:137.21,139.4 1 25
github.com/republicprotocol/republic-go/stackint/int1024.go:47.31,51.2 3 683
github.com/republicprotocol/republic-go/stackint/int1024.go:54.35,56.31 2 693
github.com/republicprotocol/republic-go/stackint/int1024.go:59.2,60.12 2 693
github.com/republicprotocol/republic-go/stackint/int1024.go:56.31,58.3 1 15
github.com/republicprotocol/republic-go/stackint/int1024.go:60.12,62.3 1 162
github.com/republicprotocol/republic-go/stackint/int1024.go:62.8,64.3 1 531
github.com/republicprotocol/republic-go/stackint/int1024.go:68.42,71.31 2 10
github.com/republicprotocol/republic-go/stackint/int1024.go:76.2,76.30 1 9
github.com/republicprotocol/republic-go/stackint/int1024.go:71.31,72.22 1 1
github.com/republicprotocol/republic-go/stackint/int1024.go:72.22,74.4 1 1
github.com/republicprotocol/republic-go/stackint/int1024.go:80.49,86.21 3 31
github.com/republicprotocol/republic-go/stackint/int1024.go:97.2,99.17 2 31
github.com/republicprotocol/republic-go/stackint/int1024.go:103.2,103.19 1 30
github.com/republicprotocol/republic-go/stackint/int1024.go:108.2,110.79 3 26
github.com/republicprotocol/republic-go/stackint/int1024.go:115.2,116.27 2 26
github.com/republicprotocol/republic-go/stackint/int1024.go:120.2,126.29 5 26
github.com/republicprotocol/republic-go/stackint/int1024.go:144.2,144.18 1 20
github.com/republicprotocol/republic-go/stackint/int1024.go:86.21,87.26 1 25
github.com/republicprotocol/republic-go/stackint/int1024.go:87.26,90.4 2 5
github.com/republicprotocol/republic-go/stackint/int1024.go:90.9,90.33 1 20
github.com/republicprotocol/republic-go/stackint/int1024.go:90.33,93.4 2 13
github.com/republicprotocol/republic-go/stackint/int1024.go:99.17,101.3 1 1
github.com/republicprotocol/republic-go/stackint/int1024.go:103.19,105.3 1 4
github.com/republicprotocol/republic-go/stackint/int1024.go:110.79,112.3 1 940
github.com/republicprotocol/republic-go/stackint/int1024.go:116.27,118.3 1 26
github.com/republicprotocol/republic-go/stackint/int1024.go:126.29,129.16 3 101
github.com/republicprotocol/republic-go/stackint/int1024.go:132.3,133.17 2 101
github.com/republicprotocol/republic-go/stackint/int1024.go:137.3,141.34 4 95
github.com/republicprotocol/republic-go/stackint/int1024.go:129.16,131.4 1 26
github.com/republicprotocol/republic-go/stackint/int1024.go:133.17,135.4 1 6
github.com/republicprotocol/republic-go/stackint/int1024.go:147.35,156.18 8 5
github.com/republicprotocol/republic-go/stackint/int1024.go:163.2,165.15 2 5
github.com/republicprotocol/republic-go/stackint/int1024.go:169.2,169.12 1 4
github.com/republicprotocol/republic-go/stackint/int1024.go:156.18,161.3 4 20
github.com/republicprotocol/republic-go/stackint/int1024.go:165.15,167.3 1 1
github.com/republicprotocol/republic-go/stackint/int1024.go:173.34,177.18 3 25
github.com/republicprotocol/republic-go/stackint/int1024.go:180.2,183.31 3 25
github.com/republicprotocol/republic-go/stackint/int1024.go:194.2,194.12 1 25
github.com/republicprotocol/republic-go/stackint/int1024.go:177.18,179.3 1 17
github.com/republicprotocol/republic-go/stackint/int1024.go:183.31,185.30 2 115
github.com/republicprotocol/republic-go/stackint/int1024.go:185.30,186.13 1 920
github.com/republicprotocol/republic-go/stackint/int1024.go:189.4,190.7 2 920
github.com/republicprotocol/republic-go/stackint/int1024.go:186.13,188.5 1 798
github.com/republicprotocol/republic-go/stackint/int1024.go:199.50,203.2 3 664
github.com/republicprotocol/republic-go/stackint/int1024.go:207.51,210.29 2 666
github.com/republicprotocol/republic-go/stackint/int1024.go:216.2,219.47 3 666
github.com/republicprotocol/republic-go/stackint/int1024.go:223.2,223.29 1 666
github.com/republicprotocol/republic-go/stackint/int1024.go:229.2,230.32 2 664
github.com/republicprotocol/republic-go/stackint/int1024.go:245.2,245.43 1 664
github.com/republicprotocol/republic-go/stackint/int1024.go:249.2,251.12 2 664
github.com/republicprotocol/republic-go/stackint/int1024.go:210.29,211.13 1 756
github.com/republicprotocol/republic-go/stackint/int1024.go:214.3,214.19 1 139
github.com/republicprotocol/republic-go/stackint/int1024.go:211.13,212.9 1 617
github.com/republicprotocol/republic-go/stackint/int1024.go:219.47,221.3 1 563
github.com/republicprotocol/republic-go/stackint/int1024.go:223.29,225.3 1 2
github.com/republicprotocol/republic-go/stackint/int1024.go:230.32,234.14 4 1388
github.com/republicprotocol/republic-go/stackint/int1024.go:237.3,237.34 1 1388
github.com/republicprotocol/republic-go/stackint/int1024.go:240.3,241.22 2 1388
github.com/republicprotocol/republic-go/stackint/int1024.go:234.14,236.4 1 561
github.com/republicprotocol/republic-go/stackint/int1024.go:237.34,239.4 1 7185
github.com/republicprotocol/republic-go/stackint/int1024.go:241.22,243.4 1 1176
github.com/republicprotocol/republic-go/stackint/int1024.go:245.43,247.3 1 9236
github.com/republicprotocol/republic-go/stackint/int1024.go:327.48,329.2 1 1
github.com/republicprotocol/republic-go/stackint/int1024.go:332.52,334.53 2 3
github.com/republicprotocol/republic-go/stackint/int1024.go:337.2,337.26 1 2
github.com/republicprotocol/republic-go/stackint/int1024.go:334.53,336.3 1 1
github.com/republicprotocol/republic-go/stackint/int1024.go:341.35,344.31 3 750
github.com/republicprotocol/republic-go/stackint/int1024.go:347.2,350.3 1 750
github.com/republicprotocol/republic-go/stackint/int1024.go:344.31,346.3 1 1805
github.com/republicprotocol/republic-go/stackint/int1024.go:354.46,357.31 3 4
github.com/republicprotocol/republic-go/stackint/int1024.go:360.2,360.14 1 4
github.com/republicprotocol/republic-go/stackint/int1024.go:357.31,359.3 1 18
github.com/republicprotocol/republic-go/stackint/int1024.go:364.37,365.19 1 4
github.com/republicprotocol/republic-go/stackint/int1024.go:369.2,371.43 3 3
github.com/republicprotocol/republic-go/stackint/int1024.go:375.2,375.12 1 3
github.com/republicprotocol/republic-go/stackint/int1024.go:365.19,367.3 1 1
github.com/republicprotocol/republic-go/stackint/int1024.go:371.43,373.3 1 15
github.com/republicprotocol/republic-go/stackint/int1024.go:379.39,381.2 1 11
github.com/republicprotocol/republic-go/stackint/int1024.go:384.47,386.2 1 10
github.com/republicprotocol/republic-go/stackint/int1024.go:391.21,396.2 1 1798
github.com/republicprotocol/republic-go/stackint/int1024.go:399.26,399.48 1 29
github.com/republicprotocol/republic-go/stackint/int1024.go:402.26,402.48 1 1
github.com/republicprotocol/republic-go/stackint/int1024.go:405.30,409.2 3 7
github.com/republicprotocol/republic-go/stackint/int1024.go:419.23,422.34 2 10
github.com/republicprotocol/republic-go/stackint/int1024.go:425.2,428.3 1 10
github.com/republicprotocol/republic-go/stackint/int1024.go:422.34,424.3 1 160
github.com/republicprotocol/republic-go/stackint/int1024.go:432.33,432.52 1 10
github.com/republicprotocol/republic-go/stackint/int1024.go:435.30,436.11 1 0
github.com/republicprotocol/republic-go/stackint/int1024.go:439.2,439.10 1 0
github.com/republicprotocol/republic-go/stackint/int1024.go:436.11,438.3 1 0
github.com/republicprotocol/republic-go/stackint/int1024.go:443.30,444.11 1 486
github.com/republicprotocol/republic-go/stackint/int1024.go:447.2,447.10 1 1
github.com/republicprotocol/republic-go/stackint/int1024.go:444.11,446.3 1 485
github.com/republicprotocol/republic-go/stackint/int1024.go:451.31,453.46 2 377
github.com/republicprotocol/republic-go/stackint/int1024.go:459.2,459.26 1 377
github.com/republicprotocol/republic-go/stackint/int1024.go:453.46,454.22 1 5894
github.com/republicprotocol/republic-go/stackint/int1024.go:454.22,456.9 2 374
github.com/republicprotocol/republic-go/stackint/int1024_arithmetic.go:6.43,12.2 3 125
github.com/republicprotocol/republic-go/stackint/int1024_arithmetic.go:15.35,17.16 1 148
github.com/republicprotocol/republic-go/stackint/int1024_arithmetic.go:29.2,30.25 2 117
github.com/republicprotocol/republic-go/stackint/int1024_arithmetic.go:34.2,38.11 4 117
github.com/republicprotocol/republic-go/stackint/int1024_arithmetic.go:41.2,42.11 2 117
github.com/republicprotocol/republic-go/stackint/int1024_arithmetic.go:17.16,19.3 1 9
github.com/republicprotocol/republic-go/stackint/int1024_arithmetic.go:19.8,19.23 1 139
github.com/republicprotocol/republic-go/stackint/int1024_arithmetic.go:19.23,21.32 2 22
github.com/republicprotocol/republic-go/stackint/int1024_arithmetic.go:24.3,25.9 2 22
github.com/republicprotocol/republic-go/stackint/int1024_arithmetic.go:21.32,23.4 1 22
github.com/republicprotocol/republic-go/stackint/int1024_arithmetic.go:30.25,32.3 1 71
github.com/republicprotocol/republic-go/stackint/int1024_arithmetic.go:38.11,40.3 1 81
github.com/republicprotocol/republic-go/stackint/int1024_arithmetic.go:42.11,43.23 1 8
github.com/republicprotocol/republic-go/stackint/int1024_arithmetic.go:43.23,46.4 2 7
github.com/republicprotocol/republic-go/stackint/int1024_arithmetic.go:46.9,48.4 1 1
github.com/republicprotocol/republic-go/stackint/int1024_arithmetic.go:53.43,59.2 3 373
github.com/republicprotocol/republic-go/stackint/int1024_arithmetic.go:62.35,64.16 1 375
github.com/republicprotocol/republic-go/stackint/int1024_arithmetic.go:68.2,72.11 4 373
github.com/republicprotocol/republic-go/stackint/int1024_arithmetic.go:76.2,76.12 1 373
github.com/republicprotocol/republic-go/stackint/int1024_arithmetic.go:64.16,66.3 1 2
github.com/republicprotocol/republic-go/stackint/int1024_arithmetic.go:72.11,74.3 1 11
github.com/republicprotocol/republic-go/stackint/int1024_arithmetic.go:76.12,77.37 1 1
github.com/republicprotocol/republic-go/stackint/int1024_arithmetic.go:80.3,80.26 1 1
github.com/republicprotocol/republic-go/stackint/int1024_arithmetic.go:77.37,79.4 1 15
github.com/republicprotocol/republic-go/stackint/int1024_arithmetic.go:81.8,83.3 1 372
github.com/republicprotocol/republic-go/stackint/int1024_arithmetic.go:87.70,93.31 5 17
github.com/republicprotocol/republic-go/stackint/int1024_arithmetic.go:110.2,110.14 1 17
github.com/republicprotocol/republic-go/stackint/int1024_arithmetic.go:93.31,95.13 2 167
github.com/republicprotocol/republic-go/stackint/int1024_arithmetic.go:95.13,97.28 2 152
github.com/republicprotocol/republic-go/stackint/int1024_arithmetic.go:106.4,106.18 1 152
github.com/republicprotocol/republic-go/stackint/int1024_arithmetic.go:97.28,100.38 3 2417
github.com/republicprotocol/republic-go/stackint/int1024_arithmetic.go:103.5,104.12 2 2417
github.com/republicprotocol/republic-go/stackint/int1024_arithmetic.go:100.38,102.6 1 2025
github.com/republicprotocol/republic-go/stackint/int1024_arithmetic.go:114.48,120.31 5 75
github.com/republicprotocol/republic-go/stackint/int1024_arithmetic.go:140.2,141.53 2 75
github.com/republicprotocol/republic-go/stackint/int1024_arithmetic.go:147.2,149.3 1 75
github.com/republicprotocol/republic-go/stackint/int1024_arithmetic.go:120.31,122.13 2 87
github.com/republicprotocol/republic-go/stackint/int1024_arithmetic.go:122.13,124.28 2 86
github.com/republicprotocol/republic-go/stackint/int1024_arithmetic.go:135.4,136.23 2 86
github.com/republicprotocol/republic-go/stackint/int1024_arithmetic.go:124.28,127.38 3 654
github.com/republicprotocol/republic-go/stackint/int1024_arithmetic.go:130.5,131.22 2 654
github.com/republicprotocol/republic-go/stackint/int1024_arithmetic.go:133.5,133.12 1 654
github.com/republicprotocol/republic-go/stackint/int1024_arithmetic.go:127.38,129.6 1 98
github.com/republicprotocol/republic-go/stackint/int1024_arithmetic.go:131.23,132.6 0 439
github.com/republicprotocol/republic-go/stackint/int1024_arithmetic.go:136.24,137.5 0 79
github.com/republicprotocol/republic-go/stackint/int1024_arithmetic.go:141.53,142.19 1 82
github.com/republicprotocol/republic-go/stackint/int1024_arithmetic.go:142.19,144.9 2 72
github.com/republicprotocol/republic-go/stackint/int1024_arithmetic.go:153.47,159.33 5 365
github.com/republicprotocol/republic-go/stackint/int1024_arithmetic.go:164.2,164.10 1 365
github.com/republicprotocol/republic-go/stackint/int1024_arithmetic.go:159.33,162.3 2 83
github.com/republicprotocol/republic-go/stackint/int1024_arithmetic.go:168.43,172.9 3 451
github.com/republicprotocol/republic-go/stackint/int1024_arithmetic.go:181.2,181.39 1 80
github.com/republicprotocol/republic-go/stackint/int1024_arithmetic.go:184.2,188.35 5 5
github.com/republicprotocol/republic-go/stackint/int1024_arithmetic.go:194.2,194.33 1 5
github.com/republicprotocol/republic-go/stackint/int1024_arithmetic.go:173.13,174.14 1 76
github.com/republicprotocol/republic-go/stackint/int1024_arithmetic.go:175.32,176.16 1 6
github.com/republicprotocol/republic-go/stackint/int1024_arithmetic.go:177.14,178.33 1 365
github.com/republicprotocol/republic-go/stackint/int1024_arithmetic.go:181.39,183.3 1 75
github.com/republicprotocol/republic-go/stackint/int1024_arithmetic.go:188.35,190.20 2 80
github.com/republicprotocol/republic-go/stackint/int1024_arithmetic.go:190.20,192.4 1 38
github.com/republicprotocol/republic-go/stackint/int1024_arithmetic.go:198.43,201.2 2 149
github.com/republicprotocol/republic-go/stackint/int1024_arithmetic.go:204.43,206.18 1 47
github.com/republicprotocol/republic-go/stackint/int1024_arithmetic.go:207.10,208.19 1 10
github.com/republicprotocol/republic-go/stackint/int1024_arithmetic.go:209.9,210.16 1 2
github.com/republicprotocol/republic-go/stackint/int1024_arithmetic.go:211.9,213.13 2 35
github.com/republicprotocol/republic-go/stackint/int1024_arithmetic.go:214.10,215.56 1 0
github.com/republicprotocol/republic-go/stackint/int1024_arithmetic.go:220.52,222.18 1 11
github.com/republicprotocol/republic-go/stackint/int1024_arithmetic.go:223.9,226.20 2 4
github.com/republicprotocol/republic-go/stackint/int1024_arithmetic.go:227.9,228.17 1 3
github.com/republicprotocol/republic-go/stackint/int1024_arithmetic.go:231.3,231.16 1 2
github.com/republicprotocol/republic-go/stackint/int1024_arithmetic.go:232.10,235.19 3 4
github.com/republicprotocol/republic-go/stackint/int1024_arithmetic.go:238.3,238.21 1 3
github.com/republicprotocol/republic-go/stackint/int1024_arithmetic.go:239.10,240.56 1 0
github.com/republicprotocol/republic-go/stackint/int1024_arithmetic.go:228.17,229.29 1 1
github.com/republicprotocol/republic-go/stackint/int1024_arithmetic.go:235.19,237.4 1 1
github.com/republicprotocol/republic-go/stackint/int1024_arithmetic.go:245.52,247.48 1 12
github.com/republicprotocol/republic-go/stackint/int1024_arithmetic.go:252.2,253.29 2 4
github.com/republicprotocol/republic-go/stackint/int1024_arithmetic.go:256.2,257.29 2 4
github.com/republicprotocol/republic-go/stackint/int1024_arithmetic.go:262.2,262.48 1 4
github.com/republicprotocol/republic-go/stackint/int1024_arithmetic.go:276.2,277.30 2 1
github.com/republicprotocol/republic-go/stackint/int1024_arithmetic.go:282.2,282.18 1 0
github.com/republicprotocol/republic-go/stackint/int1024_arithmetic.go:247.48,250.3 2 8
github.com/republicprotocol/republic-go/stackint/int1024_arithmetic.go:253.29,255.3 1 3
github.com/republicprotocol/republic-go/stackint/int1024_arithmetic.go:257.29,259.3 1 2
github.com/republicprotocol/republic-go/stackint/int1024_arithmetic.go:262.48,265.3 2 3
github.com/republicprotocol/republic-go/stackint/int1024_arithmetic.go:277.30,280.3 2 1
github.com/republicprotocol/republic-go/stackint/int1024_arithmetic.go:286.52,287.38 1 12
github.com/republicprotocol/republic-go/stackint/int1024_arithmetic.go:296.2,297.17 2 6
github.com/republicprotocol/republic-go/stackint/int1024_arithmetic.go:287.38,288.32 1 6
github.com/republicprotocol/republic-go/stackint/int1024_arithmetic.go:294.3,294.30 1 5
github.com/republicprotocol/republic-go/stackint/int1024_arithmetic.go:288.32,293.4 4 1
github.com/republicprotocol/republic-go/stackint/int1024_arithmetic.go:303.50,314.18 7 5
github.com/republicprotocol/republic-go/stackint/int1024_arithmetic.go:325.2,325.22 1 5
github.com/republicprotocol/republic-go/stackint/int1024_arithmetic.go:331.2,332.15 2 4
github.com/republicprotocol/republic-go/stackint/int1024_arithmetic.go:337.2,337.12 1 2
github.com/republicprotocol/republic-go/stackint/int1024_arithmetic.go:314.18,322.3 5 22
github.com/republicprotocol/republic-go/stackint/int1024_arithmetic.go:325.22,327.32 1 1
github.com/republicprotocol/republic-go/stackint/int1024_arithmetic.go:332.15,336.3 2 2
github.com/republicprotocol/republic-go/stackint/int1024_arithmetic.go:341.43,342.16 1 176
github.com/republicprotocol/republic-go/stackint/int1024_arithmetic.go:351.2,355.22 5 88
github.com/republicprotocol/republic-go/stackint/int1024_arithmetic.go:342.16,344.3 1 2
github.com/republicprotocol/republic-go/stackint/int1024_arithmetic.go:344.8,344.28 1 174
github.com/republicprotocol/republic-go/stackint/int1024_arithmetic.go:344.28,346.3 1 36
github.com/republicprotocol/republic-go/stackint/int1024_arithmetic.go:346.8,346.23 1 138
github.com/republicprotocol/republic-go/stackint/int1024_arithmetic.go:346.23,350.3 3 50
github.com/republicprotocol/republic-go/stackint/int1024_bitwise.go:10.45,14.2 3 6
github.com/republicprotocol/republic-go/stackint/int1024_bitwise.go:17.44,21.13 2 6
github.com/republicprotocol/republic-go/stackint/int1024_bitwise.go:38.2,38.12 1 6
github.com/republicprotocol/republic-go/stackint/int1024_bitwise.go:21.13,25.42 4 2
github.com/republicprotocol/republic-go/stackint/int1024_bitwise.go:31.3,31.27 1 2
github.com/republicprotocol/republic-go/stackint/int1024_bitwise.go:34.3,35.23 2 2
github.com/republicprotocol/republic-go/stackint/int1024_bitwise.go:25.42,27.45 2 1
github.com/republicprotocol/republic-go/stackint/int1024_bitwise.go:27.45,29.5 1 1
github.com/republicprotocol/republic-go/stackint/int1024_bitwise.go:31.27,33.4 1 31
github.com/republicprotocol/republic-go/stackint/int1024_bitwise.go:38.12,40.3 1 3
github.com/republicprotocol/republic-go/stackint/int1024_bitwise.go:40.8,42.3 1 3
github.com/republicprotocol/republic-go/stackint/int1024_bitwise.go:47.37,48.15 1 3
github.com/republicprotocol/republic-go/stackint/int1024_bitwise.go:51.2,55.31 5 3
github.com/republicprotocol/republic-go/stackint/int1024_bitwise.go:66.2,66.46 1 3
github.com/republicprotocol/republic-go/stackint/int1024_bitwise.go:48.15,49.40 1 0
github.com/republicprotocol/republic-go/stackint/int1024_bitwise.go:55.31,61.22 3 17
github.com/republicprotocol/republic-go/stackint/int1024_bitwise.go:64.3,64.25 1 17
github.com/republicprotocol/republic-go/stackint/int1024_bitwise.go:61.22,63.4 1 1
github.com/republicprotocol/republic-go/stackint/int1024_bitwise.go:66.46,69.3 2 1
github.com/republicprotocol/republic-go/stackint/int1024_bitwise.go:69.8,71.3 1 2
github.com/republicprotocol/republic-go/stackint/int1024_bitwise.go:75.34,79.31 4 3
github.com/republicprotocol/republic-go/stackint/int1024_bitwise.go:90.2,90.46 1 3
github.com/republicprotocol/republic-go/stackint/int1024_bitwise.go:94.2,94.26 1 3
github.com/republicprotocol/republic-go/stackint/int1024_bitwise.go:79.31,85.22 3 2
github.com/republicprotocol/republic-go/stackint/int1024_bitwise.go:88.3,88.25 1 2
github.com/republicprotocol/republic-go/stackint/int1024_bitwise.go:85.22,87.4 1 2
github.com/republicprotocol/republic-go/stackint/int1024_bitwise.go:90.46,93.3 2 1
github.com/republicprotocol/republic-go/stackint/int1024_bitwise.go:99.46,103.2 3 10
github.com/republicprotocol/republic-go/stackint/int1024_bitwise.go:106.45,110.13 2 17
github.com/republicprotocol/republic-go/stackint/int1024_bitwise.go:128.2,128.12 1 17
github.com/republicprotocol/republic-go/stackint/int1024_bitwise.go:110.13,113.29 2 3
github.com/republicprotocol/republic-go/stackint/int1024_bitwise.go:118.3,119.32 2 3
github.com/republicprotocol/republic-go/stackint/int1024_bitwise.go:122.3,122.39 1 3
github.com/republicprotocol/republic-go/stackint/int1024_bitwise.go:125.3,125.23 1 3
github.com/republicprotocol/republic-go/stackint/int1024_bitwise.go:113.29,115.4 1 1
github.com/republicprotocol/republic-go/stackint/int1024_bitwise.go:115.9,117.4 1 2
github.com/republicprotocol/republic-go/stackint/int1024_bitwise.go:119.32,121.4 1 1
github.com/republicprotocol/republic-go/stackint/int1024_bitwise.go:122.39,124.4 1 3
github.com/republicprotocol/republic-go/stackint/int1024_bitwise.go:128.12,130.3 1 11
github.com/republicprotocol/republic-go/stackint/int1024_bitwise.go:130.8,132.3 1 6
github.com/republicprotocol/republic-go/stackint/int1024_bitwise.go:137.38,138.15 1 6
github.com/republicprotocol/republic-go/stackint/int1024_bitwise.go:141.2,143.44 3 6
github.com/republicprotocol/republic-go/stackint/int1024_bitwise.go:151.2,151.46 1 6
github.com/republicprotocol/republic-go/stackint/int1024_bitwise.go:138.15,139.40 1 0
github.com/republicprotocol/republic-go/stackint/int1024_bitwise.go:143.44,150.3 3 5
github.com/republicprotocol/republic-go/stackint/int1024_bitwise.go:151.46,153.3 1 2
github.com/republicprotocol/republic-go/stackint/int1024_bitwise.go:157.35,159.44 2 11
github.com/republicprotocol/republic-go/stackint/int1024_bitwise.go:167.2,167.46 1 11
github.com/republicprotocol/republic-go/stackint/int1024_bitwise.go:159.44,166.3 3 116
github.com/republicprotocol/republic-go/stackint/int1024_bitwise.go:167.46,169.3 1 2
github.com/republicprotocol/republic-go/stackint/int1024_bitwise.go:174.40,175.27 1 2083
github.com/republicprotocol/republic-go/stackint/int1024_bitwise.go:178.2,179.30 2 2082
github.com/republicprotocol/republic-go/stackint/int1024_bitwise.go:182.2,183.36 2 1039
github.com/republicprotocol/republic-go/stackint/int1024_bitwise.go:175.27,177.3 1 1
github.com/republicprotocol/republic-go/stackint/int1024_bitwise.go:179.30,181.3 1 1043
github.com/republicprotocol/republic-go/stackint/int1024_bitwise.go:187.43,190.16 3 10
github.com/republicprotocol/republic-go/stackint/int1024_bitwise.go:194.2,197.26 4 10
github.com/republicprotocol/republic-go/stackint/int1024_bitwise.go:203.2,204.10 2 10
github.com/republicprotocol/republic-go/stackint/int1024_bitwise.go:190.16,192.3 1 2
github.com/republicprotocol/republic-go/stackint/int1024_bitwise.go:197.26,199.22 2 22
github.com/republicprotocol/republic-go/stackint/int1024_bitwise.go:199.22,201.4 1 22
github.com/republicprotocol/republic-go/stackint/int1024_bitwise.go:208.42,212.2 3 10
github.com/republicprotocol/republic-go/stackint/int1024_bitwise.go:215.41,220.15 4 10
github.com/republicprotocol/republic-go/stackint/int1024_bitwise.go:225.2,227.26 3 10
github.com/republicprotocol/republic-go/stackint/int1024_bitwise.go:233.2,233.28 1 10
github.com/republicprotocol/republic-go/stackint/int1024_bitwise.go:240.2,240.26 1 10
github.com/republicprotocol/republic-go/stackint/int1024_bitwise.go:220.15,223.3 2 2
github.com/republicprotocol/republic-go/stackint/int1024_bitwise.go:227.26,229.22 2 22
github.com/republicprotocol/republic-go/stackint/int1024_bitwise.go:229.22,231.4 1 22
github.com/republicprotocol/republic-go/stackint/int1024_bitwise.go:233.28,235.22 2 32
github.com/republicprotocol/republic-go/stackint/int1024_bitwise.go:235.22,237.4 1 32
github.com/republicprotocol/republic-go/stackint/int1024_bitwise.go:244.43,248.15 4 10
github.com/republicprotocol/republic-go/stackint/int1024_bitwise.go:253.2,256.26 4 10
github.com/republicprotocol/republic-go/stackint/int1024_bitwise.go:262.2,262.28 1 10
github.com/republicprotocol/republic-go/stackint/int1024_bitwise.go:268.2,272.3 2 10
github.com/republicprotocol/republic-go/stackint/int1024_bitwise.go:248.15,251.3 2 2
github.com/republicprotocol/republic-go/stackint/int1024_bitwise.go:256.26,258.20 2 22
github.com/republicprotocol/republic-go/stackint/int1024_bitwise.go:258.20,260.4 1 4
github.com/republicprotocol/republic-go/stackint/int1024_bitwise.go:262.28,264.20 2 32
github.com/republicprotocol/republic-go/stackint/int1024_bitwise.go:264.20,266.4 1 32
github.com/republicprotocol/republic-go/stackint/int1024_bitwise.go:276.33,279.31 3 8
github.com/republicprotocol/republic-go/stackint/int1024_bitwise.go:282.2,282.29 1 8
github.com/republicprotocol/republic-go/stackint/int1024_bitwise.go:290.2,290.10 1 8
github.com/republicprotocol/republic-go/stackint/int1024_bitwise.go:279.31,281.3 1 68
github.com/republicprotocol/republic-go/stackint/int1024_bitwise.go:282.29,283.43 1 4
github.com/republicprotocol/republic-go/stackint/int1024_bitwise.go:286.3,286.26 1 4
github.com/republicprotocol/republic-go/stackint/int1024_bitwise.go:283.43,285.4 1 60
github.com/republicprotocol/republic-go/stackint/int1024_bitwise.go:287.8,289.3 1 4
github.com/republicprotocol/republic-go/stackint/int1024_bitwise.go:294.35,295.19 1 281
github.com/republicprotocol/republic-go/stackint/int1024_bitwise.go:298.2,298.71 1 279
github.com/republicprotocol/republic-go/stackint/int1024_bitwise.go:295.19,297.3 1 2
github.com/republicprotocol/republic-go/stackint/int1024_comparison.go:6.33,8.2 1 1870
github.com/republicprotocol/republic-go/stackint/int1024_comparison.go:11.47,12.12 1 179
github.com/republicprotocol/republic-go/stackint/int1024_comparison.go:15.2,15.41 1 179
github.com/republicprotocol/republic-go/stackint/int1024_comparison.go:12.12,14.3 1 0
github.com/republicprotocol/republic-go/stackint/int1024_comparison.go:19.39,21.25 1 1464
github.com/republicprotocol/republic-go/stackint/int1024_comparison.go:21.25,23.3 1 33
github.com/republicprotocol/republic-go/stackint/int1024_comparison.go:23.8,23.32 1 1431
github.com/republicprotocol/republic-go/stackint/int1024_comparison.go:23.32,25.3 1 294
github.com/republicprotocol/republic-go/stackint/int1024_comparison.go:25.8,27.44 2 1137
github.com/republicprotocol/republic-go/stackint/int1024_comparison.go:35.3,35.11 1 81
github.com/republicprotocol/republic-go/stackint/int1024_comparison.go:27.44,28.31 1 1288
github.com/republicprotocol/republic-go/stackint/int1024_comparison.go:31.4,31.31 1 768
github.com/republicprotocol/republic-go/stackint/int1024_comparison.go:28.31,30.5 1 520
github.com/republicprotocol/republic-go/stackint/int1024_comparison.go:31.31,33.5 1 536
github.com/republicprotocol/republic-go/stackint/int1024_comparison.go:40.43,42.2 1 18
github.com/republicprotocol/republic-go/stackint/int1024_comparison.go:45.45,47.2 1 619
github.com/republicprotocol/republic-go/stackint/int1024_comparison.go:50.48,52.2 1 7
github.com/republicprotocol/republic-go/stackint/int1024_comparison.go:55.52,57.2 1 268
github.com/republicprotocol/republic-go/stackint/int1024_comparison.go:60.55,62.2 1 272
github.com/republicprotocol/republic-go/stackint/int1024_comparison.go:65.33,67.2 1 143
github.com/republicprotocol/republic-go/stackint/int1024_crypto.go:8.60,10.31 1 258
github.com/republicprotocol/republic-go/stackint/int1024_crypto.go:13.2,20.12 5 256
github.com/republicprotocol/republic-go/stackint/int1024_crypto.go:24.2,26.6 2 256
github.com/republicprotocol/republic-go/stackint/int1024_crypto.go:10.31,12.3 1 2
github.com/republicprotocol/republic-go/stackint/int1024_crypto.go:20.12,22.3 1 128
github.com/republicprotocol/republic-go/stackint/int1024_crypto.go:26.6,28.17 2 353
github.com/republicprotocol/republic-go/stackint/int1024_crypto.go:34.3,37.17 3 353
github.com/republicprotocol/republic-go/stackint/int1024_crypto.go:40.3,40.22 1 353
github.com/republicprotocol/republic-go/stackint/int1024_crypto.go:28.17,30.4 1 0
github.com/republicprotocol/republic-go/stackint/int1024_crypto.go:37.17,39.4 1 0
github.com/republicprotocol/republic-go/stackint/int1024_crypto.go:40.22,42.4 1 256
github.com/republicprotocol/republic-go/stackint/int1024_divmod.go:11.45,12.12 1 202
github.com/republicprotocol/republic-go/stackint/int1024_divmod.go:17.2,19.42 3 194
github.com/republicprotocol/republic-go/stackint/int1024_divmod.go:25.2,26.10 2 194
github.com/republicprotocol/republic-go/stackint/int1024_divmod.go:12.12,14.3 1 8
github.com/republicprotocol/republic-go/stackint/int1024_divmod.go:19.42,21.36 2 359
github.com/republicprotocol/republic-go/stackint/int1024_divmod.go:21.36,23.4 1 194
github.com/republicprotocol/republic-go/stackint/int1024_divmod.go:30.57,31.16 1 226
github.com/republicprotocol/republic-go/stackint/int1024_divmod.go:34.2,34.18 1 222
github.com/republicprotocol/republic-go/stackint/int1024_divmod.go:37.2,37.19 1 213
github.com/republicprotocol/republic-go/stackint/int1024_divmod.go:43.2,44.13 2 11
github.com/republicprotocol/republic-go/stackint/int1024_divmod.go:31.16,32.28 1 4
github.com/republicprotocol/republic-go/stackint/int1024_divmod.go:34.18,36.3 1 9
github.com/republicprotocol/republic-go/stackint/int1024_divmod.go:37.19,42.3 4 202
github.com/republicprotocol/republic-go/stackint/int1024_divmod.go:48.48,50.2 1 131
github.com/republicprotocol/republic-go/stackint/int1024_divmod.go:53.59,76.15 10 11
github.com/republicprotocol/republic-go/stackint/int1024_divmod.go:83.2,86.34 3 11
github.com/republicprotocol/republic-go/stackint/int1024_divmod.go:135.2,140.62 5 11
github.com/republicprotocol/republic-go/stackint/int1024_divmod.go:146.2,146.56 1 11
github.com/republicprotocol/republic-go/stackint/int1024_divmod.go:76.15,82.3 3 2
github.com/republicprotocol/republic-go/stackint/int1024_divmod.go:86.34,90.32 3 29
github.com/republicprotocol/republic-go/stackint/int1024_divmod.go:113.3,115.25 3 29
github.com/republicprotocol/republic-go/stackint/int1024_divmod.go:118.3,123.13 3 29
github.com/republicprotocol/republic-go/stackint/int1024_divmod.go:130.3,131.35 2 29
github.com/republicprotocol/republic-go/stackint/int1024_divmod.go:90.32,98.40 6 15
github.com/republicprotocol/republic-go/stackint/int1024_divmod.go:98.40,103.24 4 0
github.com/republicprotocol/republic-go/stackint/int1024_divmod.go:106.5,106.34 1 0
github.com/republicprotocol/republic-go/stackint/int1024_divmod.go:103.24,104.11 1 0
github.com/republicprotocol/republic-go/stackint/int1024_divmod.go:115.25,117.4 1 260
github.com/republicprotocol/republic-go/stackint/int1024_divmod.go:123.13,129.4 3 2
github.com/republicprotocol/republic-go/stackint/int1024_divmod.go:131.35,133.4 1 11
github.com/republicprotocol/republic-go/stackint/int1024_divmod.go:140.62,141.21 1 176
github.com/republicprotocol/republic-go/stackint/int1024_divmod.go:141.21,143.4 1 55
